This is pdfeTeX, Version 3.141592-1.21a-2.2 (Web2C 7.5.4) (format=pdflatex 2007.11.2)  12 AUG 2014 15:20
entering extended mode
**ncbi
(./ncbi.tex
LaTeX2e <2003/12/01>
Babel <v3.8d> and hyphenation patterns for american, french, german, ngerman, b
ahasa, basque, bulgarian, catalan, croatian, czech, danish, dutch, esperanto, e
stonian, finnish, greek, icelandic, irish, italian, latin, magyar, norsk, polis
h, portuges, romanian, russian, serbian, slovak, slovene, spanish, swedish, tur
kish, ukrainian, nohyphenation, loaded.
(/usr/share/texmf/tex/latex/base/slides.cls
Document Class: slides 1997/08/15 v2.3z Standard LaTeX document class
(/usr/share/texmf/tex/latex/base/slides.def
File: slides.def 1997/08/15 v2.3z SLiTeX definitions
 hacks, slides,
\c@page=\count79
 picture, mods,
\@smashboxa=\box26
\@smashboxb=\box27
\@smashboxc=\box28

output, init) (/usr/share/texmf/tex/latex/base/sfonts.def
File: sfonts.def 1998/06/12 v2.2e Standard LaTeX slide font definitions

(/usr/share/texmf/tex/latex/base/ot1lcmss.fd
File: ot1lcmss.fd 1998/06/12 v2.2e Standard LaTeX slide font definitions
))
\c@minutes=\count80
\c@seconds=\count81
\c@mv@invisible=\count82
LaTeX Font Info:    Overwriting symbol font `operators' in version `normal'
(Font)                  OT1/cmr/m/n --> OT1/lcmss/m/n on input line 369.
LaTeX Font Info:    Overwriting symbol font `letters' in version `normal'
(Font)                  OML/cmm/m/it --> OML/lcmm/m/it on input line 372.
LaTeX Font Info:    Overwriting symbol font `symbols' in version `normal'
(Font)                  OMS/cmsy/m/n --> OMS/lcmsy/m/n on input line 374.
LaTeX Font Info:    Overwriting symbol font `largesymbols' in version `normal'
(Font)                  OMX/cmex/m/n --> OMX/lcmex/m/n on input line 376.
LaTeX Font Info:    Overwriting symbol font `operators' in version `invisible'
(Font)                  OT1/cmr/m/n --> OT1/lcmss/m/In on input line 379.
LaTeX Font Info:    Overwriting symbol font `letters' in version `invisible'
(Font)                  OML/cmm/m/it --> OML/lcmm/m/Iit on input line 381.
LaTeX Font Info:    Overwriting symbol font `symbols' in version `invisible'
(Font)                  OMS/cmsy/m/n --> OMS/lcmsy/m/In on input line 383.
LaTeX Font Info:    Overwriting symbol font `largesymbols' in version `invisibl
e'
(Font)                  OMX/cmex/m/n --> OMX/lcmex/m/In on input line 385.
)
(/usr/share/texmf/tex/latex/geometry/geometry.sty
Package: geometry 2002/07/08 v3.2 Page Geometry

(/usr/share/texmf/tex/latex/graphics/keyval.sty
Package: keyval 1999/03/16 v1.13 key=value parser (DPC)
\KV@toks@=\toks14
)
\Gm@cnth=\count83
\Gm@cntv=\count84
\c@Gm@tempcnt=\count85
\Gm@bindingoffset=\dimen102
\Gm@wd@mp=\dimen103
\Gm@odd@mp=\dimen104
\Gm@even@mp=\dimen105
\Gm@dimlist=\toks15

(/usr/share/texmf/tex/latex/geometry/geometry.cfg))
(/usr/share/texmf/tex/latex/graphics/graphicx.sty
Package: graphicx 1999/02/16 v1.0f Enhanced LaTeX Graphics (DPC,SPQR)

(/usr/share/texmf/tex/latex/graphics/graphics.sty
Package: graphics 2001/07/07 v1.0n Standard LaTeX Graphics (DPC,SPQR)

(/usr/share/texmf/tex/latex/graphics/trig.sty
Package: trig 1999/03/16 v1.09 sin cos tan (DPC)
)
(/usr/share/texmf/tex/latex/graphics/graphics.cfg
File: graphics.cfg 2005/02/03 v1.3 graphics configuration of teTeX/TeXLive
)
Package graphics Info: Driver file: pdftex.def on input line 80.

(/usr/share/texmf/tex/latex/graphics/pdftex.def
File: pdftex.def 2002/06/19 v0.03k graphics/color for pdftex
\Gread@gobject=\count86
))
\Gin@req@height=\dimen106
\Gin@req@width=\dimen107
)
(/usr/share/texmf/tex/latex/graphics/color.sty
Package: color 1999/02/16 v1.0i Standard LaTeX Color (DPC)

(/usr/share/texmf/tex/latex/graphics/color.cfg
File: color.cfg 2005/02/03 v1.3 color configuration of teTeX/TeXLive
)
Package color Info: Driver file: pdftex.def on input line 125.
)
(/usr/share/texmf/tex/latex/tools/verbatim.sty
Package: verbatim 2003/08/22 v1.5q LaTeX2e package for verbatim enhancements
\every@verbatim=\toks16
\verbatim@line=\toks17
\verbatim@in@stream=\read1
)
(/usr/share/texmf/tex/latex/carlisle/nopageno.sty
Package: nopageno 1989/01/01 no page numbers (DPC)
)
(/usr/share/texmf/tex/latex/setspace/setspace.sty
Package: setspace 2000/12/01 6.7 Contributed and Supported LaTeX2e package

Package: `setspace' 6.7 <2000/12/01>
) (./ncbi.aux)
\openout1 = `ncbi.aux'.

LaTeX Font Info:    Checking defaults for OML/cmm/m/it on input line 21.
LaTeX Font Info:    ... okay on input line 21.
LaTeX Font Info:    Checking defaults for T1/cmr/m/n on input line 21.
LaTeX Font Info:    ... okay on input line 21.
LaTeX Font Info:    Checking defaults for OT1/lcmss/m/n on input line 21.
LaTeX Font Info:    ... okay on input line 21.
LaTeX Font Info:    Checking defaults for OMS/cmsy/m/n on input line 21.
LaTeX Font Info:    ... okay on input line 21.
LaTeX Font Info:    Checking defaults for OMX/cmex/m/n on input line 21.
LaTeX Font Info:    ... okay on input line 21.
LaTeX Font Info:    Checking defaults for U/cmr/m/n on input line 21.
LaTeX Font Info:    ... okay on input line 21.
-------------------- Geometry parameters
paper: class default
landscape: true
twocolumn: --
twoside: --
asymmetric: --
h-parts: 5.69046pt, 783.58907pt, 5.69046pt
v-parts: 5.69046pt, 600.06885pt, 8.53569pt
hmarginratio: --
vmarginratio: 2:3
lines: --
heightrounded: --
bindingoffset: 0.0pt
truedimen: --
includehead: --
includefoot: --
includemp: --
driver: pdftex
-------------------- Page layout dimensions and switches
\paperwidth  794.96999pt
\paperheight 614.295pt
\textwidth  783.58907pt
\textheight 600.06885pt
\oddsidemargin  -66.57953pt
\evensidemargin -66.57953pt
\topmargin  -66.57953pt
\headheight 0.0pt
\headsep    0.0pt
\footskip   0.0pt
\marginparwidth 58.0312pt
\marginparsep   5.0pt
\columnsep  10.0pt
\skip\footins  10.0pt plus 2.0pt minus 4.0pt
\hoffset 0.0pt
\voffset 0.0pt
\mag 1000

(1in=72.27pt, 1cm=28.45pt)
-----------------------
 (/usr/share/texmf/tex/context/base/supp-pdf.tex
(/usr/share/texmf/tex/context/base/supp-mis.tex
loading : Context Support Macros / Miscellaneous (2004.10.26)
\protectiondepth=\count87
\scratchcounter=\count88
\scratchtoks=\toks18
\scratchdimen=\dimen108
\scratchskip=\skip41
\scratchmuskip=\muskip10
\scratchbox=\box29
\scratchread=\read2
\scratchwrite=\write3
\zeropoint=\dimen109
\onepoint=\dimen110
\onebasepoint=\dimen111
\minusone=\count89
\thousandpoint=\dimen112
\onerealpoint=\dimen113
\emptytoks=\toks19
\nextbox=\box30
\nextdepth=\dimen114
\everyline=\toks20
\!!counta=\count90
\!!countb=\count91
\recursecounter=\count92
)
loading : Context Support Macros / PDF (2004.03.26)
\nofMPsegments=\count93
\nofMParguments=\count94
\MPscratchCnt=\count95
\MPscratchDim=\dimen115
\MPnumerator=\count96
\everyMPtoPDFconversion=\toks21
)
LaTeX Font Info:    Try loading font information for OML+lcmm on input line 40.

 (/usr/share/texmf/tex/latex/base/omllcmm.fd
File: omllcmm.fd 1998/06/12 v2.2e Standard LaTeX slide font definitions
)
LaTeX Font Info:    Try loading font information for OMS+lcmsy on input line 40
.

(/usr/share/texmf/tex/latex/base/omslcmsy.fd
File: omslcmsy.fd 1998/06/12 v2.2e Standard LaTeX slide font definitions
)
LaTeX Font Info:    Try loading font information for OMX+lcmex on input line 40
.

(/usr/share/texmf/tex/latex/base/omxlcmex.fd
File: omxlcmex.fd 1998/06/12 v2.2e Standard LaTeX slide font definitions
)
LaTeX Font Info:    External font `cmex10 at17.28pt' loaded for size
(Font)              <16.59> on input line 40.
LaTeX Font Info:    External font `cmex10 at17.28pt' loaded for size
(Font)              <12> on input line 40.
LaTeX Font Info:    External font `cmex10 at17.28pt' loaded for size
(Font)              <7> on input line 40.

Warning: pdflatex (file figs/janelia-logo.pdf): pdf inclusion: found pdf versio
n <1.5>, but at most version <1.4> allowed
<figs/janelia-logo.pdf, id=1, 551.1792pt x 188.1429pt>
File: figs/janelia-logo.pdf Graphic file (type pdf)

<use figs/janelia-logo.pdf> [1

{/usr/share/texmf-var/fonts/map/pdftex/updmap/pdftex.map} <./figs/janelia-logo.
pdf>]
<figs/genome-1kb-black.pdf, id=20, 361.47948pt x 289.0579pt>
File: figs/genome-1kb-black.pdf Graphic file (type pdf)

<use figs/genome-1kb-black.pdf>
Overfull \vbox (2.66267pt too high) has occurred while \output is active []


[2 <./figs/genome-1kb-black.pdf>]
<figs/genome-1kb.pdf, id=31, 361.47948pt x 289.0579pt>
File: figs/genome-1kb.pdf Graphic file (type pdf)

<use figs/genome-1kb.pdf>
Overfull \vbox (2.66267pt too high) has occurred while \output is active []


[3 <./figs/genome-1kb.pdf>]
<figs/genome-100kb.pdf, id=42, 3614.16238pt x 2890.26799pt>
File: figs/genome-100kb.pdf Graphic file (type pdf)

<use figs/genome-100kb.pdf>
Overfull \vbox (2.66267pt too high) has occurred while \output is active []


[4 <./figs/genome-100kb.pdf>]
LaTeX Font Info:    External font `cmex10 at17.28pt' loaded for size
(Font)              <19.907> on input line 84.
LaTeX Font Info:    External font `cmex10 at17.28pt' loaded for size
(Font)              <13.82> on input line 84.
 [5]
<figs/trna-123.pdf, id=62, 2455.31291pt x 946.81628pt>
File: figs/trna-123.pdf Graphic file (type pdf)
 <use figs/trna-123.pdf>
[6 <./figs/trna-123.pdf
Warning: pdflatex (file ./figs/trna-123.pdf): pdf inclusion: Page Group detecte
d which pdfTeX can't handle. Ignoring it.
>]
File: figs/trna-123.pdf Graphic file (type pdf)
 <use figs/trna-123.pdf> [7]
<figs/seqstructprofiles-seq1.pdf, id=86, 787.40175pt x 477.18777pt>
File: figs/seqstructprofiles-seq1.pdf Graphic file (type pdf)

<use figs/seqstructprofiles-seq1.pdf> [8 <./figs/seqstructprofiles-seq1.pdf>]
<figs/seqstructprofiles-struct2.pdf, id=143, 787.40175pt x 510.38179pt>
File: figs/seqstructprofiles-struct2.pdf Graphic file (type pdf)

<use figs/seqstructprofiles-struct2.pdf> [9 <./figs/seqstructprofiles-struct2.p
df>] <figs/avgscores.pdf, id=200, 471.23753pt x 329.71481pt>
File: figs/avgscores.pdf Graphic file (type pdf)

<use figs/avgscores.pdf> [10 <./figs/avgscores.pdf>]

LaTeX Font Warning: Font shape `OT1/lcmss/m/sc' undefined
(Font)              using `OT1/lcmss/m/n' instead on input line 232.

<figs/hmmer-infernal-refs.pdf, id=232, 413.545pt x 248.93pt>
File: figs/hmmer-infernal-refs.pdf Graphic file (type pdf)

<use figs/hmmer-infernal-refs.pdf> [11 <./figs/hmmer-infernal-refs.pdf
Warning: pdflatex (file ./figs/hmmer-infernal-refs.pdf): pdf inclusion: Page Gr
oup detected which pdfTeX can't handle. Ignoring it.
>] <figs/hmm.pdf, id=246, 734.71088pt x 603.72548pt>
File: figs/hmm.pdf Graphic file (type pdf)
 <use figs/hmm.pdf>
[12 <./figs/hmm.pdf>] <figs/hmm-given.pdf, id=287, 734.71088pt x 603.72548pt>
File: figs/hmm-given.pdf Graphic file (type pdf)

<use figs/hmm-given.pdf> [13 <./figs/hmm-given.pdf>]
<figs/hmm-worm.pdf, id=327, 734.71088pt x 603.72548pt>
File: figs/hmm-worm.pdf Graphic file (type pdf)
 <use figs/hmm-worm.pdf>
[14 <./figs/hmm-worm.pdf>]
<figs/hmm-corn.pdf, id=364, 737.71913pt x 654.91373pt>
File: figs/hmm-corn.pdf Graphic file (type pdf)
 <use figs/hmm-corn.pdf>
[15 <./figs/hmm-corn.pdf>]
<figs/cmintro_bandcyk.pdf, id=402, 534.1225pt x 286.34076pt>
File: figs/cmintro_bandcyk.pdf Graphic file (type pdf)

<use figs/cmintro_bandcyk.pdf>
<figs/cm-graph-small.pdf, id=403, 158.0826pt x 663.94748pt>
File: figs/cm-graph-small.pdf Graphic file (type pdf)

<use figs/cm-graph-small.pdf> [16 <./figs/cmintro_bandcyk.pdf> <./figs/cm-graph
-small.pdf>] <figs/u8-RF00373-tree.pdf, id=449, 336.25626pt x 762.85pt>
File: figs/u8-RF00373-tree.pdf Graphic file (type pdf)

<use figs/u8-RF00373-tree.pdf> [17 <./figs/u8-RF00373-tree.pdf>]

LaTeX Font Warning: Font shape `OT1/lcmss/m/n' in size <6> not available
(Font)              size <7> substituted on input line 378.


LaTeX Font Warning: Font shape `OML/lcmm/m/it' in size <6> not available
(Font)              size <7> substituted on input line 378.


LaTeX Font Warning: Font shape `OMS/lcmsy/m/n' in size <6> not available
(Font)              size <7> substituted on input line 378.

LaTeX Font Info:    External font `cmex10 at17.28pt' loaded for size
(Font)              <8> on input line 378.
LaTeX Font Info:    External font `cmex10 at17.28pt' loaded for size
(Font)              <6> on input line 378.
<figs/brown-roc1.pdf, id=544, 817.0525pt x 516.93124pt>
File: figs/brown-roc1.pdf Graphic file (type pdf)

<use figs/brown-roc1.pdf> [18 <./figs/brown-roc1.pdf>] [19]
<figs/wheresloop.pdf, id=572, 833.1125pt x 247.42438pt>
File: figs/wheresloop.pdf Graphic file (type pdf)

<use figs/wheresloop.pdf> [20 <./figs/wheresloop.pdf
Warning: pdflatex (file ./figs/wheresloop.pdf): pdf inclusion: Page Group detec
ted which pdfTeX can't handle. Ignoring it.
>]
LaTeX Font Info:    External font `cmex10 at17.28pt' loaded for size
(Font)              <10> on input line 498.

Warning: pdflatex (file figs/qdb.pdf): pdf inclusion: found pdf version <1.5>, 
but at most version <1.4> allowed
<figs/qdb.pdf, id=659, 953.5625pt x 562.1pt>
File: figs/qdb.pdf Graphic file (type pdf)
 <use figs/qdb.pdf> [21 <./figs/qdb.pdf>]
Warning: pdflatex (file figs/qdb-beta.pdf): pdf inclusion: found pdf version <1
.5>, but at most version <1.4> allowed
<figs/qdb-beta.pdf, id=682, 579.35544pt x 341.10034pt>
File: figs/qdb-beta.pdf Graphic file (type pdf)
 <use figs/qdb-beta.pdf>
Overfull \vbox (7.54074pt too high) has occurred while \output is active []


[22 <./figs/qdb-beta.pdf>]
<figs/speedup.pdf, id=699, 435.6275pt x 274.29977pt>
File: figs/speedup.pdf Graphic file (type pdf)
 <use figs/speedup.pdf>
[23 <./figs/speedup.pdf>]
<figs/brown-roc2.pdf, id=730, 817.0525pt x 516.93124pt>
File: figs/brown-roc2.pdf Graphic file (type pdf)

<use figs/brown-roc2.pdf> [24 <./figs/brown-roc2.pdf>] [25]
Missing character: There is no â in font lcmss8!
Missing character: There is no € in font lcmss8!
Missing character: There is no “ in font lcmss8!

<figs/filter.pdf, id=756, 697.60625pt x 361.35pt>
File: figs/filter.pdf Graphic file (type pdf)
 <use figs/filter.pdf>
[26 <./figs/filter.pdf>]
<figs/brown-roc3.pdf, id=765, 817.0525pt x 516.93124pt>
File: figs/brown-roc3.pdf Graphic file (type pdf)

<use figs/brown-roc3.pdf> [27 <./figs/brown-roc3.pdf>]
<figs/brown-roc4.pdf, id=785, 817.0525pt x 516.93124pt>
File: figs/brown-roc4.pdf Graphic file (type pdf)

<use figs/brown-roc4.pdf> [28 <./figs/brown-roc4.pdf>] [29]
<figs/msv-trunc.pdf, id=806, 319.13228pt x 233.9139pt>
File: figs/msv-trunc.pdf Graphic file (type pdf)

<use figs/msv-trunc.pdf> [30 <./figs/msv-trunc.pdf
Warning: pdflatex (file ./figs/msv-trunc.pdf): pdf inclusion: Page Group detect
ed which pdfTeX can't handle. Ignoring it.
>]
File: figs/brown-roc4.pdf Graphic file (type pdf)
 <use figs/brown-roc4.pdf> [31]
<figs/tree-and-aln.pdf, id=818, 570.13pt x 279.0425pt>
File: figs/tree-and-aln.pdf Graphic file (type pdf)

<use figs/tree-and-aln.pdf> [33 <./figs/tree-and-aln.pdf>]
Underfull \hbox (badness 1226) in paragraph at lines 830--831
[]\OT1/lcmss/m/sc/16.59 needed ``\OT1/lcmss/m/sl/16.59 a molecule of ap-pro-pri
-ately
 []


Underfull \hbox (badness 4927) in paragraph at lines 830--831
\OT1/lcmss/m/sl/16.59 broad dis-tri-bu-tion\OT1/lcmss/m/sc/16.59 '' for com-par
-a-tive
 []

<figs/bigtol.pdf, id=869, 435.6275pt x 544.0325pt>
File: figs/bigtol.pdf Graphic file (type pdf)
 <use figs/bigtol.pdf>
Overfull \hbox (7.9866pt too wide) in paragraph at lines 825--846
$[]$   $[]$ 
 []

[34 <./figs/bigtol.pdf>]
<figs/ecoli_16S_man.pdf, id=880, 487.8225pt x 617.30624pt>
File: figs/ecoli_16S_man.pdf Graphic file (type pdf)

<use figs/ecoli_16S_man.pdf>
<figs/mvan_16S_man.pdf, id=881, 514.92375pt x 660.4675pt>
File: figs/mvan_16S_man.pdf Graphic file (type pdf)

<use figs/mvan_16S_man.pdf>
<figs/zmays_16S_man.pdf, id=882, 566.115pt x 728.7225pt>
File: figs/zmays_16S_man.pdf Graphic file (type pdf)

<use figs/zmays_16S_man.pdf>
LaTeX Font Info:    Try loading font information for OT1+lcmtt on input line 86
9.
 (/usr/share/texmf/tex/latex/base/ot1lcmtt.fd
File: ot1lcmtt.fd 1998/06/12 v2.2e Standard LaTeX slide font definitions
)
[35 <./figs/ecoli_16S_man.pdf> <./figs/mvan_16S_man.pdf> <./figs/zmays_16S_man.
pdf>]
Underfull \hbox (badness 10000) in paragraph at lines 938--941

 []

<figs/environmental.pdf, id=922, 328.22626pt x 651.43375pt>
File: figs/environmental.pdf Graphic file (type pdf)

<use figs/environmental.pdf>
Overfull \hbox (1.67809pt too wide) in paragraph at lines 946--948
[][]
 []

[36 <./figs/environmental.pdf>]
<figs/seq2tree.pdf, id=933, 382.67969pt x 503.50711pt>
File: figs/seq2tree.pdf Graphic file (type pdf)
 <use figs/seq2tree.pdf>
[37 <./figs/seq2tree.pdf
Warning: pdflatex (file ./figs/seq2tree.pdf): pdf inclusion: Page Group detecte
d which pdfTeX can't handle. Ignoring it.
>] <figs/ssu_list_and_seq2tree_blackgrey.pdf, id=970, 672.5125pt x 562.1pt>
File: figs/ssu_list_and_seq2tree_blackgrey.pdf Graphic file (type pdf)

<use figs/ssu_list_and_seq2tree_blackgrey.pdf> [38 <./figs/ssu_list_and_seq2tre
e_blackgrey.pdf>]
<figs/hmm_alignment2_layer1.pdf, id=982, 241.90375pt x 384.43625pt>
File: figs/hmm_alignment2_layer1.pdf Graphic file (type pdf)

<use figs/hmm_alignment2_layer1.pdf>
Overfull \vbox (1.72101pt too high) has occurred while \output is active []


[39 <./figs/hmm_alignment2_layer1.pdf>]
<figs/hmm_alignment2_layer2.pdf, id=994, 241.90375pt x 384.43625pt>
File: figs/hmm_alignment2_layer2.pdf Graphic file (type pdf)

<use figs/hmm_alignment2_layer2.pdf>
Overfull \vbox (1.72101pt too high) has occurred while \output is active []


[40 <./figs/hmm_alignment2_layer2.pdf>]
<figs/hmm_alignment2_layer3.pdf, id=1006, 241.90375pt x 385.44pt>
File: figs/hmm_alignment2_layer3.pdf Graphic file (type pdf)

<use figs/hmm_alignment2_layer3.pdf>
Overfull \vbox (1.72101pt too high) has occurred while \output is active []


[41 <./figs/hmm_alignment2_layer3.pdf>]
<figs/post_hmm_to_cm_map2_layer2.pdf, id=1018, 669.50125pt x 461.725pt>
File: figs/post_hmm_to_cm_map2_layer2.pdf Graphic file (type pdf)

<use figs/post_hmm_to_cm_map2_layer2.pdf> [42 <./figs/post_hmm_to_cm_map2_layer
2.pdf>]
<figs/post_hmm_to_cm_map2_layer10.pdf, id=1030, 669.50125pt x 461.725pt>
File: figs/post_hmm_to_cm_map2_layer10.pdf Graphic file (type pdf)

<use figs/post_hmm_to_cm_map2_layer10.pdf> [43 <./figs/post_hmm_to_cm_map2_laye
r10.pdf>]
<figs/post_hmm_to_cm_map2_layer11.pdf, id=1042, 669.50125pt x 466.74374pt>
File: figs/post_hmm_to_cm_map2_layer11.pdf Graphic file (type pdf)

<use figs/post_hmm_to_cm_map2_layer11.pdf> [44 <./figs/post_hmm_to_cm_map2_laye
r11.pdf>]
<figs/post_hmm_to_cm_map2_layer12.pdf, id=1055, 669.50125pt x 466.74374pt>
File: figs/post_hmm_to_cm_map2_layer12.pdf Graphic file (type pdf)

<use figs/post_hmm_to_cm_map2_layer12.pdf> [45 <./figs/post_hmm_to_cm_map2_laye
r12.pdf>]
<figs/post_hmm_to_cm_map2_layer13.pdf, id=1067, 669.50125pt x 467.7475pt>
File: figs/post_hmm_to_cm_map2_layer13.pdf Graphic file (type pdf)

<use figs/post_hmm_to_cm_map2_layer13.pdf> [46 <./figs/post_hmm_to_cm_map2_laye
r13.pdf>]
<figs/post_hmm_to_cm_map2_layer14.pdf, id=1079, 669.50125pt x 461.725pt>
File: figs/post_hmm_to_cm_map2_layer14.pdf Graphic file (type pdf)

<use figs/post_hmm_to_cm_map2_layer14.pdf> [47 <./figs/post_hmm_to_cm_map2_laye
r14.pdf>]
<figs/post_hmm_to_cm_map2_layer15.pdf, id=1091, 669.50125pt x 461.725pt>
File: figs/post_hmm_to_cm_map2_layer15.pdf Graphic file (type pdf)

<use figs/post_hmm_to_cm_map2_layer15.pdf> [48 <./figs/post_hmm_to_cm_map2_laye
r15.pdf>]
<figs/post_hmm_to_cm_map2_layer16.pdf, id=1103, 669.50125pt x 465.74pt>
File: figs/post_hmm_to_cm_map2_layer16.pdf Graphic file (type pdf)

<use figs/post_hmm_to_cm_map2_layer16.pdf> [49 <./figs/post_hmm_to_cm_map2_laye
r16.pdf>] <figs/diana_benchmark_l2.pdf, id=1115, 1053.9375pt x 306.14375pt>
File: figs/diana_benchmark_l2.pdf Graphic file (type pdf)

<use figs/diana_benchmark_l2.pdf> [50 <./figs/diana_benchmark_l2.pdf>] [51]
[52] [53]
<figs/seq2tree-2013-thin-mask.pdf, id=1137, 198.40623pt x 401.22998pt>
File: figs/seq2tree-2013-thin-mask.pdf Graphic file (type pdf)

<use figs/seq2tree-2013-thin-mask.pdf> [54 <./figs/seq2tree-2013-thin-mask.pdf
Warning: pdflatex (file ./figs/seq2tree-2013-thin-mask.pdf): pdf inclusion: Pag
e Group detected which pdfTeX can't handle. Ignoring it.
>] <figs/seq2tree-masked.pdf, id=1158, 382.67969pt x 503.50711pt>
File: figs/seq2tree-masked.pdf Graphic file (type pdf)

<use figs/seq2tree-masked.pdf> [55 <./figs/seq2tree-masked.pdf
Warning: pdflatex (file ./figs/seq2tree-masked.pdf): pdf inclusion: Page Group 
detected which pdfTeX can't handle. Ignoring it.
>] <figs/archaea-mask-ph-only.pdf, id=1186, 563.438pt x 795.72882pt>
File: figs/archaea-mask-ph-only.pdf Graphic file (type pdf)

<use figs/archaea-mask-ph-only.pdf> [56 <./figs/archaea-mask-ph-only.pdf>]
<figs/arc-1.pdf, id=1207, 614.295pt x 794.97pt>
File: figs/arc-1.pdf Graphic file (type pdf)
 <use figs/arc-1.pdf> [57 <./figs/arc-1.pdf>] <figs/arc-2.pdf, id=1217, 614.295
pt x 794.97pt>
File: figs/arc-2.pdf Graphic file (type pdf)

<use figs/arc-2.pdf> [58 <./figs/arc-2.pdf>]
<figs/arc-3.pdf, id=1227, 614.295pt x 794.97pt>
File: figs/arc-3.pdf Graphic file (type pdf)
 <use figs/arc-3.pdf> [59 <./figs/arc-3.pdf>] <figs/arc-11.pdf, id=1237, 614.29
5pt x 794.97pt>
File: figs/arc-11.pdf Graphic file (type pdf)

<use figs/arc-11.pdf> [60 <./figs/arc-11.pdf>]
<figs/arc-12.pdf, id=1247, 614.295pt x 794.97pt>
File: figs/arc-12.pdf Graphic file (type pdf)
 <use figs/arc-12.pdf> [61 <./figs/arc-12.pdf>] <figs/arc-13.pdf, id=1257, 614.
295pt x 794.97pt>
File: figs/arc-13.pdf Graphic file (type pdf)

<use figs/arc-13.pdf> [62 <./figs/arc-13.pdf>]
<figs/arc-14.pdf, id=1268, 614.295pt x 794.97pt>
File: figs/arc-14.pdf Graphic file (type pdf)
 <use figs/arc-14.pdf> [63 <./figs/arc-14.pdf>] <figs/arc-15.pdf, id=1278, 614.
295pt x 794.97pt>
File: figs/arc-15.pdf Graphic file (type pdf)

<use figs/arc-15.pdf> [64 <./figs/arc-15.pdf>]
<figs/arc-16.pdf, id=1288, 614.295pt x 794.97pt>
File: figs/arc-16.pdf Graphic file (type pdf)
 <use figs/arc-16.pdf> [65 <./figs/arc-16.pdf>] <figs/arc-17.pdf, id=1298, 614.
295pt x 794.97pt>
File: figs/arc-17.pdf Graphic file (type pdf)

<use figs/arc-17.pdf> [66 <./figs/arc-17.pdf>]
<figs/arc-18.pdf, id=1308, 614.295pt x 794.97pt>
File: figs/arc-18.pdf Graphic file (type pdf)
 <use figs/arc-18.pdf> [67 <./figs/arc-18.pdf>] <figs/arc-19.pdf, id=1318, 614.
295pt x 794.97pt>
File: figs/arc-19.pdf Graphic file (type pdf)

<use figs/arc-19.pdf> [68 <./figs/arc-19.pdf>]
<figs/arc-22.pdf, id=1329, 614.295pt x 794.97pt>
File: figs/arc-22.pdf Graphic file (type pdf)
 <use figs/arc-22.pdf> [69 <./figs/arc-22.pdf>] <figs/arc-23.pdf, id=1339, 614.
295pt x 794.97pt>
File: figs/arc-23.pdf Graphic file (type pdf)

<use figs/arc-23.pdf> [70 <./figs/arc-23.pdf>]
<figs/arc-24.pdf, id=1349, 614.295pt x 794.97pt>
File: figs/arc-24.pdf Graphic file (type pdf)
 <use figs/arc-24.pdf> [71 <./figs/arc-24.pdf>] <figs/arc-25.pdf, id=1359, 614.
295pt x 794.97pt>
File: figs/arc-25.pdf Graphic file (type pdf)

<use figs/arc-25.pdf> [72 <./figs/arc-25.pdf>]
File: figs/archaea-mask-ph-only.pdf Graphic file (type pdf)

<use figs/archaea-mask-ph-only.pdf> [73]
<figs/archaea-mask-pp-only.pdf, id=1372, 549.79199pt x 796.0591pt>
File: figs/archaea-mask-pp-only.pdf Graphic file (type pdf)

<use figs/archaea-mask-pp-only.pdf> [74 <./figs/archaea-mask-pp-only.pdf>]
<figs/archaea-mask-ph-v-pp-both.pdf, id=1393, 1113.22896pt x 796.0591pt>
File: figs/archaea-mask-ph-v-pp-both.pdf Graphic file (type pdf)

<use figs/archaea-mask-ph-v-pp-both.pdf> [75 <./figs/archaea-mask-ph-v-pp-both.
pdf>] <figs/archaea-mask-ph-v-pp-diff.pdf, id=1415, 554.98143pt x 835.36493pt>
File: figs/archaea-mask-ph-v-pp-diff.pdf Graphic file (type pdf)

<use figs/archaea-mask-ph-v-pp-diff.pdf> [76 <./figs/archaea-mask-ph-v-pp-diff.
pdf>]
<figs/archaea-mask-pp-and-deletes.pdf, id=1435, 1122.35313pt x 796.0591pt>
File: figs/archaea-mask-pp-and-deletes.pdf Graphic file (type pdf)

<use figs/archaea-mask-pp-and-deletes.pdf> [77 <./figs/archaea-mask-pp-and-dele
tes.pdf>] [78]
<figs/seq2tree-2013-ssu-align.pdf, id=1460, 737.93893pt x 401.22998pt>
File: figs/seq2tree-2013-ssu-align.pdf Graphic file (type pdf)

<use figs/seq2tree-2013-ssu-align.pdf> [79 <./figs/seq2tree-2013-ssu-align.pdf
Warning: pdflatex (file ./figs/seq2tree-2013-ssu-align.pdf): pdf inclusion: Pag
e Group detected which pdfTeX can't handle. Ignoring it.
>]
File: figs/filter.pdf Graphic file (type pdf)
 <use figs/filter.pdf> [80]
<figs/roc2-jsm.pdf, id=1502, 647.93068pt x 328.79738pt>
File: figs/roc2-jsm.pdf Graphic file (type pdf)

<use figs/roc2-jsm.pdf> [81 <./figs/roc2-jsm.pdf>]
<figs/jfrc-banner1.pdf, id=1514, 596.2275pt x 214.8025pt>
File: figs/jfrc-banner1.pdf Graphic file (type pdf)

<use figs/jfrc-banner1.pdf> [82 <./figs/jfrc-banner1.pdf>] (./ncbi.aux)

LaTeX Font Warning: Size substitutions with differences
(Font)              up to 1.0pt have occurred.


LaTeX Font Warning: Some font shapes were not available, defaults substituted.

 ) 
Here is how much of TeX's memory you used:
 1800 strings out of 94500
 29052 string characters out of 1173669
 70385 words of memory out of 1000000
 4910 multiletter control sequences out of 10000+50000
 12354 words of font info for 43 fonts, out of 500000 for 2000
 580 hyphenation exceptions out of 1000
 29i,9n,19p,216b,325s stack positions out of 1500i,500n,5000p,200000b,5000s
PDF statistics:
 1524 PDF objects out of 300000
 0 named destinations out of 131072
 361 words of extra memory for PDF output out of 65536
</usr/share/texmf/fonts/type1/bluesky/cm/cmtt8.pfb></usr/share/texmf/fonts/ty
pe1/bluesky/cm/cmex10.pfb></usr/share/texmf/fonts/type1/bluesky/cm/cmmi8.pfb></
usr/share/texmf/fonts/type1/bluesky/latex/lcmssi8.pfb></usr/share/texmf/fonts/t
ype1/bluesky/cm/cmsy8.pfb></usr/share/texmf/fonts/type1/bluesky/latex/lcmss8.pf
b></usr/share/texmf/fonts/type1/bluesky/latex/lcmssb8.pfb>
Output written on ncbi.pdf (81 pages, 21525581 bytes).
